# JRE version: OpenJDK Runtime Environment (8.0_212-b04) (build 1.8.0_212-release-1586-b04)
# Java VM: OpenJDK 64-Bit Server VM (25.212-b04 mixed mode windows-amd64 compressed oops)
Heap:
 PSYoungGen      total 447488K, used 363908K [0x00000000e0000000, 0x0000000100000000, 0x0000000100000000)
  eden space 377856K, 82% used [0x00000000e0000000,0x00000000f30ca7a8,0x00000000f7100000)
  from space 69632K, 74% used [0x00000000fbc00000,0x00000000fee968f0,0x0000000100000000)
  to   space 73216K, 0% used [0x00000000f7100000,0x00000000f7100000,0x00000000fb880000)
 ParOldGen       total 164352K, used 89474K [0x00000000a0000000, 0x00000000aa080000, 0x00000000e0000000)
  object space 164352K, 54% used [0x00000000a0000000,0x00000000a5760828,0x00000000aa080000)
 Metaspace       used 106856K, capacity 112204K, committed 112472K, reserved 1146880K
  class space    used 13418K, capacity 14471K, committed 14720K, reserved 1048576K
GC Heap History (10 events):
Event: 4182.547 GC heap before
{Heap before GC invocations=32 (full 4):
 PSYoungGen      total 462848K, used 423704K [0x00000000e0000000, 0x00000000ffc00000, 0x0000000100000000)
  eden space 408064K, 99% used [0x00000000e0000000,0x00000000f8e51498,0x00000000f8e80000)
  from space 54784K, 28% used [0x00000000f8e80000,0x00000000f9df4bf0,0x00000000fc400000)
  to   space 53248K, 0% used [0x00000000fc800000,0x00000000fc800000,0x00000000ffc00000)
 ParOldGen       total 164352K, used 82429K [0x00000000a0000000, 0x00000000aa080000, 0x00000000e0000000)
  object space 164352K, 50% used [0x00000000a0000000,0x00000000a507f728,0x00000000aa080000)
 Metaspace       used 104147K, capacity 108794K, committed 109144K, reserved 1144832K
  class space    used 13113K, capacity 14038K, committed 14208K, reserved 1048576K
Event: 4182.646 GC heap after
Heap after GC invocations=32 (full 4):
 PSYoungGen      total 449536K, used 53238K [0x00000000e0000000, 0x0000000100000000, 0x0000000100000000)
  eden space 396288K, 0% used [0x00000000e0000000,0x00000000e0000000,0x00000000f8300000)
  from space 53248K, 99% used [0x00000000fc800000,0x00000000ffbfd908,0x00000000ffc00000)
  to   space 64000K, 0% used [0x00000000f8300000,0x00000000f8300000,0x00000000fc180000)
 ParOldGen       total 164352K, used 89338K [0x00000000a0000000, 0x00000000aa080000, 0x00000000e0000000)
  object space 164352K, 54% used [0x00000000a0000000,0x00000000a573e828,0x00000000aa080000)
 Metaspace       used 104147K, capacity 108794K, committed 109144K, reserved 1144832K
  class space    used 13113K, capacity 14038K, committed 14208K, reserved 1048576K
}
Event: 6375.142 GC heap before
{Heap before GC invocations=33 (full 4):
 PSYoungGen      total 449536K, used 449526K [0x00000000e0000000, 0x0000000100000000, 0x0000000100000000)
  eden space 396288K, 100% used [0x00000000e0000000,0x00000000f8300000,0x00000000f8300000)
  from space 53248K, 99% used [0x00000000fc800000,0x00000000ffbfd908,0x00000000ffc00000)
  to   space 64000K, 0% used [0x00000000f8300000,0x00000000f8300000,0x00000000fc180000)
 ParOldGen       total 164352K, used 89338K [0x00000000a0000000, 0x00000000aa080000, 0x00000000e0000000)
  object space 164352K, 54% used [0x00000000a0000000,0x00000000a573e828,0x00000000aa080000)
 Metaspace       used 105806K, capacity 110944K, committed 111320K, reserved 1146880K
  class space    used 13371K, capacity 14399K, committed 14592K, reserved 1048576K
Event: 6376.066 GC heap after
Heap after GC invocations=33 (full 4):
 PSYoungGen      total 440832K, used 44513K [0x00000000e0000000, 0x0000000100000000, 0x0000000100000000)
  eden space 396288K, 0% used [0x00000000e0000000,0x00000000e0000000,0x00000000f8300000)
  from space 44544K, 99% used [0x00000000f8300000,0x00000000fae78548,0x00000000fae80000)
  to   space 66560K, 0% used [0x00000000fbf00000,0x00000000fbf00000,0x0000000100000000)
 ParOldGen       total 164352K, used 89450K [0x00000000a0000000, 0x00000000aa080000, 0x00000000e0000000)
  object space 164352K, 54% used [0x00000000a0000000,0x00000000a575a828,0x00000000aa080000)
 Metaspace       used 105806K, capacity 110944K, committed 111320K, reserved 1146880K
  class space    used 13371K, capacity 14399K, committed 14592K, reserved 1048576K
}
Event: 6545.449 GC heap before
{Heap before GC invocations=34 (full 4):
 PSYoungGen      total 440832K, used 440801K [0x00000000e0000000, 0x0000000100000000, 0x0000000100000000)
  eden space 396288K, 100% used [0x00000000e0000000,0x00000000f8300000,0x00000000f8300000)
  from space 44544K, 99% used [0x00000000f8300000,0x00000000fae78548,0x00000000fae80000)
  to   space 66560K, 0% used [0x00000000fbf00000,0x00000000fbf00000,0x0000000100000000)
 ParOldGen       total 164352K, used 89450K [0x00000000a0000000, 0x00000000aa080000, 0x00000000e0000000)
  object space 164352K, 54% used [0x00000000a0000000,0x00000000a575a828,0x00000000aa080000)
 Metaspace       used 106237K, capacity 111304K, committed 111576K, reserved 1146880K
  class space    used 13379K, capacity 14403K, committed 14592K, reserved 1048576K
Event: 6545.772 GC heap after
Heap after GC invocations=34 (full 4):
 PSYoungGen      total 450560K, used 49147K [0x00000000e0000000, 0x0000000100000000, 0x0000000100000000)
  eden space 384000K, 0% used [0x00000000e0000000,0x00000000e0000000,0x00000000f7700000)
  from space 66560K, 73% used [0x00000000fbf00000,0x00000000feefecb8,0x0000000100000000)
  to   space 70144K, 0% used [0x00000000f7700000,0x00000000f7700000,0x00000000fbb80000)
 ParOldGen       total 164352K, used 89458K [0x00000000a0000000, 0x00000000aa080000, 0x00000000e0000000)
  object space 164352K, 54% used [0x00000000a0000000,0x00000000a575c828,0x00000000aa080000)
 Metaspace       used 106237K, capacity 111304K, committed 111576K, reserved 1146880K
  class space    used 13379K, capacity 14403K, committed 14592K, reserved 1048576K
}
Event: 6584.506 GC heap before
{Heap before GC invocations=35 (full 4):
 PSYoungGen      total 450560K, used 433147K [0x00000000e0000000, 0x0000000100000000, 0x0000000100000000)
  eden space 384000K, 100% used [0x00000000e0000000,0x00000000f7700000,0x00000000f7700000)
  from space 66560K, 73% used [0x00000000fbf00000,0x00000000feefecb8,0x0000000100000000)
  to   space 70144K, 0% used [0x00000000f7700000,0x00000000f7700000,0x00000000fbb80000)
 ParOldGen       total 164352K, used 89458K [0x00000000a0000000, 0x00000000aa080000, 0x00000000e0000000)
  object space 164352K, 54% used [0x00000000a0000000,0x00000000a575c828,0x00000000aa080000)
 Metaspace       used 106553K, capacity 111750K, committed 112216K, reserved 1146880K
  class space    used 13410K, capacity 14462K, committed 14720K, reserved 1048576K
Event: 6584.660 GC heap after
Heap after GC invocations=35 (full 4):
 PSYoungGen      total 454144K, used 40034K [0x00000000e0000000, 0x0000000100000000, 0x0000000100000000)
  eden space 384000K, 0% used [0x00000000e0000000,0x00000000e0000000,0x00000000f7700000)
  from space 70144K, 57% used [0x00000000f7700000,0x00000000f9e18b10,0x00000000fbb80000)
  to   space 69632K, 0% used [0x00000000fbc00000,0x00000000fbc00000,0x0000000100000000)
 ParOldGen       total 164352K, used 89466K [0x00000000a0000000, 0x00000000aa080000, 0x00000000e0000000)
  object space 164352K, 54% used [0x00000000a0000000,0x00000000a575e828,0x00000000aa080000)
 Metaspace       used 106553K, capacity 111750K, committed 112216K, reserved 1146880K
  class space    used 13410K, capacity 14462K, committed 14720K, reserved 1048576K
}
Event: 7162.971 GC heap before
{Heap before GC invocations=36 (full 4):
 PSYoungGen      total 454144K, used 424034K [0x00000000e0000000, 0x0000000100000000, 0x0000000100000000)
  eden space 384000K, 100% used [0x00000000e0000000,0x00000000f7700000,0x00000000f7700000)
  from space 70144K, 57% used [0x00000000f7700000,0x00000000f9e18b10,0x00000000fbb80000)
  to   space 69632K, 0% used [0x00000000fbc00000,0x00000000fbc00000,0x0000000100000000)
 ParOldGen       total 164352K, used 89466K [0x00000000a0000000, 0x00000000aa080000, 0x00000000e0000000)
  object space 164352K, 54% used [0x00000000a0000000,0x00000000a575e828,0x00000000aa080000)
 Metaspace       used 106839K, capacity 112136K, committed 112472K, reserved 1146880K
  class space    used 13417K, capacity 14471K, committed 14720K, reserved 1048576K
Event: 7163.508 GC heap after
Heap after GC invocations=36 (full 4):
 PSYoungGen      total 447488K, used 51802K [0x00000000e0000000, 0x0000000100000000, 0x0000000100000000)
  eden space 377856K, 0% used [0x00000000e0000000,0x00000000e0000000,0x00000000f7100000)
  from space 69632K, 74% used [0x00000000fbc00000,0x00000000fee968f0,0x0000000100000000)
  to   space 73216K, 0% used [0x00000000f7100000,0x00000000f7100000,0x00000000fb880000)
 ParOldGen       total 164352K, used 89474K [0x00000000a0000000, 0x00000000aa080000, 0x00000000e0000000)
  object space 164352K, 54% used [0x00000000a0000000,0x00000000a5760828,0x00000000aa080000)
 Metaspace       used 106839K, capacity 112136K, committed 112472K, reserved 1146880K
  class space    used 13417K, capacity 14471K, committed 14720K, reserved 1048576K
}

